<?xml version="1.0" encoding="UTF-8"?>
<testsuites>
  <testsuite name="SocialStock" tests="2" assertions="5" failures="0" errors="0" time="0.063935">
    <testsuite name="SocialServiceTest" file="/home/otternq/stock/PHPUnitTest/socialTest.php" fullPackage="socialStocks.UnitTest" package="socialStocks" subpackage="UnitTest" tests="2" assertions="5" failures="0" errors="0" time="0.063935">
      <testcase name="testAvailableServices" class="SocialServiceTest" file="/home/otternq/stock/PHPUnitTest/socialTest.php" line="39" assertions="1" time="0.058217"/>
      <testcase name="testGetObject" class="SocialServiceTest" file="/home/otternq/stock/PHPUnitTest/socialTest.php" line="58" assertions="4" time="0.005718"/>
    </testsuite>
  </testsuite>
</testsuites>
